<?xml version="1.0" encoding="UTF-8"?>
<!-- Generated by org.testng.reporters.JUnitReportReporter -->
<testsuite hostname="DESKTOP-JNLSMIN" failures="0" tests="1" name="com.casino.tests.casinoTests" time="36.786" errors="0" timestamp="2023-03-04T18:39:20 ART" skipped="0">
  <testcase classname="com.casino.tests.casinoTests" name="signUp" time="36.786"/>
  <system-out/>
</testsuite> <!-- com.casino.tests.casinoTests -->
